============================= test session starts ==============================
platform linux -- Python 3.12.3, pytest-9.0.3, pluggy-1.6.0 -- /usr/bin/python3
cachedir: .pytest_cache
rootdir: /home/dylan-austin/ai-lab
configfile: pyproject.toml
plugins: anyio-4.13.0, mock-3.15.1, langsmith-0.7.32, cov-7.1.0, asyncio-1.3.0
asyncio: mode=Mode.STRICT, debug=False, asyncio_default_fixture_loop_scope=None, asyncio_default_test_loop_scope=function
collecting ... collected 10 items

projects/address-parser/tests/test_main.py::test_environment_manager_get_optimal_batch_size_bounds PASSED [ 10%]
projects/address-parser/tests/test_main.py::test_environment_manager_get_processing_environment_type PASSED [ 20%]
projects/address-parser/tests/test_main.py::test_environment_manager_get_environment_summary_keys PASSED [ 30%]
projects/address-parser/tests/test_main.py::test_zip_code_data_generator_clean_text PASSED [ 40%]
projects/address-parser/tests/test_main.py::test_zip_code_data_generator_determine_zip_type PASSED [ 50%]
projects/address-parser/tests/test_main.py::test_zip_code_data_generator_add_geographic_indicators PASSED [ 60%]
projects/address-parser/tests/test_main.py::test_zip_code_data_generator_calculate_derived_fields PASSED [ 70%]
projects/address-parser/tests/test_main.py::test_zip_code_data_generator_generate_zip_data_happy_path PASSED [ 80%]
projects/address-parser/tests/test_main.py::test_zip_code_data_generator_error_handling PASSED [ 90%]
projects/address-parser/tests/test_main.py::test_zip_code_data_generator_iso_and_region_mapping PASSED [100%]

============================== 10 passed in 0.05s ==============================
